<?xml version="1.0" encoding="UTF-8"?>
<!-- Generated by org.testng.reporters.JUnitXMLReporter -->
<testsuite ignored="0" hostname="GauravAhuja" failures="0" tests="4" name="Signin" time="47.644" errors="0" timestamp="2023-07-26T07:14:50 IST">
  <testcase classname="AmazonTestCasePackage.SignInPage" name="loginSignin" time="12.882"/>
  <testcase classname="AmazonTestCasePackage.SignInPage" name="loginSignin" time="2.986"/>
  <testcase classname="AmazonTestCasePackage.SignInPage" name="loginSignin" time="3.122"/>
  <testcase classname="AmazonTestCasePackage.SignInPage" name="loginSignin" time="2.823"/>
</testsuite> <!-- Signin -->
