<?xml version="1.0" encoding="UTF-8"?>
<!-- Generated by org.testng.reporters.JUnitXMLReporter -->
<testsuite ignored="0" hostname="GauravAhuja" failures="0" tests="3" name="Tests" time="66.092" errors="0" timestamp="2023-07-30T18:56:16 IST">
  <testcase classname="AmazonCartPackage.HrmLogin" name="hrmLoginDetail" time="19.832"/>
  <testcase classname="AmazonCartPackage.HrmLogin" name="hrmLoginDetail" time="14.278"/>
  <testcase classname="AmazonCartPackage.HrmLogin" name="hrmLoginDetail" time="15.299"/>
</testsuite> <!-- Tests -->
