<?xml version="1.0" encoding="UTF-8"?>
<!-- Generated by org.testng.reporters.JUnitXMLReporter -->
<testsuite ignored="0" hostname="GauravAhuja" failures="0" tests="3" name="Tests" time="75.985" errors="0" timestamp="2023-07-30T22:51:55 IST">
  <testcase classname="AmazonCartPackage.HrmLogin" name="hrmLoginDetail" time="21.051"/>
  <testcase classname="AmazonCartPackage.HrmLogin" name="hrmLoginDetail" time="14.25"/>
  <testcase classname="AmazonCartPackage.HrmLogin" name="hrmLoginDetail" time="14.148"/>
</testsuite> <!-- Tests -->
