<?xml version="1.0" encoding="UTF-8"?>
<!-- Generated by org.testng.reporters.JUnitXMLReporter -->
<testsuite ignored="0" hostname="GauravAhuja" failures="0" tests="5" name="Test" time="59.067" errors="0" timestamp="2023-08-02T06:02:09 IST">
  <testcase classname="AmazonTestCasePackage.SignInPage" name="loginSignin" time="9.438"/>
  <testcase classname="AmazonTestCasePackage.SignInPage" name="loginSignin" time="7.1"/>
  <testcase classname="AmazonTestCasePackage.SignInPage" name="loginSignin" time="7.294"/>
  <testcase classname="AmazonTestCasePackage.SignInPage" name="loginSignin" time="7.049"/>
  <testcase classname="AmazonTestCasePackage.SignInPage" name="hashSign" time="1.737"/>
</testsuite> <!-- Test -->
