<?xml version="1.0" encoding="UTF-8"?>
<testng-results ignored="0" total="3" passed="3" failed="0" skipped="0">
  <reporter-output>
  </reporter-output>
  <suite started-at="2023-07-30T22:50:39 IST" name="Suite" finished-at="2023-07-30T22:51:55 IST" duration-ms="75985">
    <groups>
    </groups>
    <test started-at="2023-07-30T22:50:39 IST" name="Tests" finished-at="2023-07-30T22:51:55 IST" duration-ms="75985">
      <class name="AmazonCartPackage.HrmLogin">
        <test-method is-config="true" signature="setupBrowser(java.lang.String)[pri:0, instance:AmazonCartPackage.HrmLogin@5fdcaa40]" started-at="2023-07-30T22:50:39 IST" name="setupBrowser" finished-at="2023-07-30T22:50:58 IST" duration-ms="18871" status="PASS">
          <params>
            <param index="0">
              <value>
                <![CDATA[chrome]]>
              </value>
            </param>
          </params>
          <reporter-output>
          </reporter-output>
        </test-method> <!-- setupBrowser -->
        <test-method signature="hrmLoginDetail(java.lang.String,java.lang.String)[pri:0, instance:AmazonCartPackage.HrmLogin@5fdcaa40]" started-at="2023-07-30T22:51:05 IST" name="hrmLoginDetail" data-provider="lData" finished-at="2023-07-30T22:51:27 IST" duration-ms="21051" status="PASS">
          <params>
            <param index="0">
              <value>
                <![CDATA[1]]>
              </value>
            </param>
            <param index="1">
              <value>
                <![CDATA[abc@gmail.com]]>
              </value>
            </param>
          </params>
          <reporter-output>
          </reporter-output>
        </test-method> <!-- hrmLoginDetail -->
        <test-method signature="hrmLoginDetail(java.lang.String,java.lang.String)[pri:0, instance:AmazonCartPackage.HrmLogin@5fdcaa40]" started-at="2023-07-30T22:51:27 IST" name="hrmLoginDetail" data-provider="lData" finished-at="2023-07-30T22:51:41 IST" duration-ms="14250" status="PASS">
          <params>
            <param index="0">
              <value>
                <![CDATA[2]]>
              </value>
            </param>
            <param index="1">
              <value>
                <![CDATA[abcd@gmail.com]]>
              </value>
            </param>
          </params>
          <reporter-output>
          </reporter-output>
        </test-method> <!-- hrmLoginDetail -->
        <test-method signature="hrmLoginDetail(java.lang.String,java.lang.String)[pri:0, instance:AmazonCartPackage.HrmLogin@5fdcaa40]" started-at="2023-07-30T22:51:41 IST" name="hrmLoginDetail" data-provider="lData" finished-at="2023-07-30T22:51:55 IST" duration-ms="14148" status="PASS">
          <params>
            <param index="0">
              <value>
                <![CDATA[3]]>
              </value>
            </param>
            <param index="1">
              <value>
                <![CDATA[abcde@gmail.com]]>
              </value>
            </param>
          </params>
          <reporter-output>
          </reporter-output>
        </test-method> <!-- hrmLoginDetail -->
      </class> <!-- AmazonCartPackage.HrmLogin -->
    </test> <!-- Tests -->
  </suite> <!-- Suite -->
</testng-results>
