<?xml version="1.0" encoding="UTF-8"?>
<testng-results ignored="0" total="5" passed="5" failed="0" skipped="0">
  <reporter-output>
  </reporter-output>
  <suite started-at="2023-08-02T06:01:10 IST" name="Suite" finished-at="2023-08-02T06:02:09 IST" duration-ms="59067">
    <groups>
    </groups>
    <test started-at="2023-08-02T06:01:10 IST" name="Test" finished-at="2023-08-02T06:02:09 IST" duration-ms="59067">
      <class name="AmazonTestCasePackage.SignInPage">
        <test-method is-config="true" signature="setupBrowser(java.lang.String)[pri:0, instance:AmazonTestCasePackage.SignInPage@5e0826e7]" started-at="2023-08-02T06:01:10 IST" name="setupBrowser" finished-at="2023-08-02T06:01:36 IST" duration-ms="26165" status="PASS">
          <params>
            <param index="0">
              <value>
                <![CDATA[chrome]]>
              </value>
            </param>
          </params>
          <reporter-output>
          </reporter-output>
        </test-method> <!-- setupBrowser -->
        <test-method signature="loginSignin(java.lang.String)[pri:1, instance:AmazonTestCasePackage.SignInPage@5e0826e7]" started-at="2023-08-02T06:01:36 IST" name="loginSignin" data-provider="nDPLogin" finished-at="2023-08-02T06:01:46 IST" duration-ms="9438" status="PASS">
          <params>
            <param index="0">
              <value>
                <![CDATA[9911225]]>
              </value>
            </param>
          </params>
          <reporter-output>
          </reporter-output>
        </test-method> <!-- loginSignin -->
        <test-method signature="loginSignin(java.lang.String)[pri:1, instance:AmazonTestCasePackage.SignInPage@5e0826e7]" started-at="2023-08-02T06:01:46 IST" name="loginSignin" data-provider="nDPLogin" finished-at="2023-08-02T06:01:53 IST" duration-ms="7100" status="PASS">
          <params>
            <param index="0">
              <value>
                <![CDATA[yyyyyyyyy@gmail.com]]>
              </value>
            </param>
          </params>
          <reporter-output>
          </reporter-output>
        </test-method> <!-- loginSignin -->
        <test-method signature="loginSignin(java.lang.String)[pri:1, instance:AmazonTestCasePackage.SignInPage@5e0826e7]" started-at="2023-08-02T06:01:53 IST" name="loginSignin" data-provider="nDPLogin" finished-at="2023-08-02T06:02:00 IST" duration-ms="7294" status="PASS">
          <params>
            <param index="0">
              <value>
                <![CDATA[oooooooo@gmail.com]]>
              </value>
            </param>
          </params>
          <reporter-output>
          </reporter-output>
        </test-method> <!-- loginSignin -->
        <test-method signature="loginSignin(java.lang.String)[pri:1, instance:AmazonTestCasePackage.SignInPage@5e0826e7]" started-at="2023-08-02T06:02:00 IST" name="loginSignin" data-provider="nDPLogin" finished-at="2023-08-02T06:02:07 IST" duration-ms="7049" status="PASS">
          <params>
            <param index="0">
              <value>
                <![CDATA[9911225]]>
              </value>
            </param>
          </params>
          <reporter-output>
          </reporter-output>
        </test-method> <!-- loginSignin -->
        <test-method signature="hashSign()[pri:2, instance:AmazonTestCasePackage.SignInPage@5e0826e7]" started-at="2023-08-02T06:02:07 IST" name="hashSign" finished-at="2023-08-02T06:02:09 IST" duration-ms="1737" status="PASS">
          <reporter-output>
          </reporter-output>
        </test-method> <!-- hashSign -->
      </class> <!-- AmazonTestCasePackage.SignInPage -->
    </test> <!-- Test -->
  </suite> <!-- Suite -->
</testng-results>
